  [4;36;1mSQL (0.1ms)[0m   [0;1mSET client_min_messages TO 'panic'[0m
  [4;35;1mSQL (0.1ms)[0m   [0mSET client_min_messages TO 'notice'[0m
  [4;36;1mSQL (3.2ms)[0m   [0;1mCREATE TABLE "schema_migrations" ("version" character varying(255) NOT NULL) [0m
  [4;35;1mSQL (6.2ms)[0m   [0mCREATE UNIQUE INDEX "unique_schema_migrations" ON "schema_migrations" ("version")[0m
  [4;36;1mSQL (0.4ms)[0m   [0;1mSELECT version FROM schema_migrations[0m
Migrating to CreateAttendees (20100110020330)
  [4;35;1mSQL (0.1ms)[0m   [0mBEGIN[0m
  [4;36;1mSQL (7.4ms)[0m   [0;1mCREATE TABLE "attendees" ("id" serial primary key, "name" character varying(255), "email" character varying(255), "interests" text, "created_at" timestamp, "updated_at" timestamp) [0m
  [4;35;1mSQL (0.6ms)[0m   [0mINSERT INTO schema_migrations (version) VALUES ('20100110020330')[0m
  [4;36;1mSQL (0.6ms)[0m   [0;1mCOMMIT[0m
Migrating to CreateRegistrations (20100110020716)
  [4;35;1mSQL (0.5ms)[0m   [0mBEGIN[0m
  [4;36;1mSQL (23.1ms)[0m   [0;1mCREATE TABLE "registrations" ("id" serial primary key, "attendee_id" integer, "event_id" integer, "comment" text, "commitment_strength" integer, "created_at" timestamp, "updated_at" timestamp) [0m
  [4;35;1mSQL (0.3ms)[0m   [0mINSERT INTO schema_migrations (version) VALUES ('20100110020716')[0m
  [4;36;1mSQL (0.6ms)[0m   [0;1mCOMMIT[0m
Migrating to CreateEvents (20100110021111)
  [4;35;1mSQL (0.4ms)[0m   [0mBEGIN[0m
  [4;36;1mSQL (39.2ms)[0m   [0;1mCREATE TABLE "events" ("id" serial primary key, "name" character varying(255), "description" text, "start_date" date, "end_date" date, "time" character varying(255), "created_at" timestamp, "updated_at" timestamp) [0m
  [4;35;1mSQL (0.2ms)[0m   [0mINSERT INTO schema_migrations (version) VALUES ('20100110021111')[0m
  [4;36;1mSQL (26.8ms)[0m   [0;1mCOMMIT[0m
  [4;35;1mSQL (0.3ms)[0m   [0mSELECT version FROM schema_migrations[0m
  [4;36;1mSQL (0.1ms)[0m   [0;1mSET client_min_messages TO 'panic'[0m
  [4;35;1mSQL (0.1ms)[0m   [0mSET client_min_messages TO 'notice'[0m
  [4;36;1mSQL (0.5ms)[0m   [0;1mSELECT version FROM schema_migrations[0m
  [4;35;1mSQL (0.1ms)[0m   [0mSET client_min_messages TO 'panic'[0m
  [4;36;1mSQL (0.1ms)[0m   [0;1mSET client_min_messages TO 'notice'[0m
  [4;35;1mSQL (0.8ms)[0m   [0mSET search_path TO public[0m
  [4;36;1mSQL (0.5ms)[0m   [0;1mDROP DATABASE IF EXISTS "event_manager_test"[0m
  [4;35;1mSQL (0.2ms)[0m   [0mSET client_min_messages TO 'panic'[0m
  [4;36;1mSQL (0.1ms)[0m   [0;1mSET client_min_messages TO 'notice'[0m
  [4;35;1mSQL (0.2ms)[0m   [0mSET search_path TO public[0m
  [4;36;1mSQL (716.4ms)[0m   [0;1mCREATE DATABASE "event_manager_test" ENCODING = 'utf8'[0m
  [4;35;1mSQL (0.1ms)[0m   [0mSET client_min_messages TO 'panic'[0m
  [4;36;1mSQL (0.1ms)[0m   [0;1mSET client_min_messages TO 'notice'[0m
  [4;35;1mSQL (10.5ms)[0m   [0mCREATE TABLE "attendees" ("id" serial primary key, "name" character varying(255), "email" character varying(255), "interests" text, "created_at" timestamp, "updated_at" timestamp) [0m
  [4;36;1mSQL (7.4ms)[0m   [0;1mCREATE TABLE "events" ("id" serial primary key, "name" character varying(255), "description" text, "start_date" date, "end_date" date, "time" character varying(255), "created_at" timestamp, "updated_at" timestamp) [0m
  [4;35;1mSQL (21.0ms)[0m   [0mCREATE TABLE "registrations" ("id" serial primary key, "attendee_id" integer, "event_id" integer, "comment" text, "commitment_strength" integer, "created_at" timestamp, "updated_at" timestamp) [0m
  [4;36;1mSQL (1.1ms)[0m   [0;1mCREATE TABLE "schema_migrations" ("version" character varying(255) NOT NULL) [0m
  [4;35;1mSQL (2.4ms)[0m   [0mCREATE UNIQUE INDEX "unique_schema_migrations" ON "schema_migrations" ("version")[0m
  [4;36;1mSQL (0.3ms)[0m   [0;1mSELECT version FROM "schema_migrations"[0m
  [4;35;1mSQL (1.3ms)[0m   [0mINSERT INTO "schema_migrations" (version) VALUES ('20100110021111')[0m
  [4;36;1mSQL (0.6ms)[0m   [0;1mINSERT INTO "schema_migrations" (version) VALUES ('20100110020330')[0m
  [4;35;1mSQL (0.5ms)[0m   [0mINSERT INTO "schema_migrations" (version) VALUES ('20100110020716')[0m
  [4;36;1mSQL (2.6ms)[0m   [0;1mSET client_min_messages TO 'panic'[0m
  [4;35;1mSQL (0.1ms)[0m   [0mSET client_min_messages TO 'notice'[0m
  [4;36;1mSQL (8.4ms)[0m   [0;1mCREATE TABLE "schema_migrations" ("version" character varying(255) NOT NULL) [0m
  [4;35;1mSQL (16.2ms)[0m   [0mCREATE UNIQUE INDEX "unique_schema_migrations" ON "schema_migrations" ("version")[0m
  [4;36;1mSQL (0.5ms)[0m   [0;1mSELECT version FROM schema_migrations[0m
Migrating to CreateUsers (20100110020330)
  [4;35;1mSQL (0.1ms)[0m   [0mBEGIN[0m
  [4;36;1mSQL (41.9ms)[0m   [0;1mCREATE TABLE "users" ("id" serial primary key, "name" character varying(255), "email" character varying(255), "interests" text, "created_at" timestamp, "updated_at" timestamp) [0m
  [4;35;1mSQL (7.0ms)[0m   [0mINSERT INTO schema_migrations (version) VALUES ('20100110020330')[0m
  [4;36;1mSQL (0.8ms)[0m   [0;1mCOMMIT[0m
Migrating to CreateRegistrations (20100110020716)
  [4;35;1mSQL (0.7ms)[0m   [0mBEGIN[0m
  [4;36;1mSQL (29.2ms)[0m   [0;1mCREATE TABLE "registrations" ("id" serial primary key, "attendee_id" integer, "event_id" integer, "comment" text, "commitment_strength" integer, "created_at" timestamp, "updated_at" timestamp) [0m
  [4;35;1mSQL (0.3ms)[0m   [0mINSERT INTO schema_migrations (version) VALUES ('20100110020716')[0m
  [4;36;1mSQL (0.8ms)[0m   [0;1mCOMMIT[0m
Migrating to CreateEvents (20100110021111)
  [4;35;1mSQL (0.5ms)[0m   [0mBEGIN[0m
  [4;36;1mSQL (23.9ms)[0m   [0;1mCREATE TABLE "events" ("id" serial primary key, "name" character varying(255), "description" text, "start_date" date, "end_date" date, "time" character varying(255), "created_at" timestamp, "updated_at" timestamp) [0m
  [4;35;1mSQL (0.2ms)[0m   [0mINSERT INTO schema_migrations (version) VALUES ('20100110021111')[0m
  [4;36;1mSQL (9.4ms)[0m   [0;1mCOMMIT[0m
  [4;35;1mSQL (0.3ms)[0m   [0mSELECT version FROM schema_migrations[0m
